09:28:25.683 [main] INFO  com.cool.boot.Boot - Starting Boot on AppledeMacBook.local with PID 13930 (/Users/apple/Documents/Boot/out/production/classes started by apple in /Users/apple/Documents/Boot) 
09:28:25.697 [main] INFO  com.cool.boot.Boot - The following profiles are active: dev 
09:28:25.888 [main] INFO  o.s.b.w.s.c.AnnotationConfigServletWebServerApplicationContext - Refreshing org.springframework.boot.web.servlet.context.AnnotationConfigServletWebServerApplicationContext@6492fab5: startup date [Sat Jun 02 09:28:25 CST 2018]; root of context hierarchy 
09:28:27.415 [main] INFO  o.s.d.r.c.RepositoryConfigurationDelegate - Multiple Spring Data modules found, entering strict repository configuration mode! 
09:28:28.206 [main] INFO  o.s.c.s.PostProcessorRegistrationDelegate$BeanPostProcessorChecker - Bean 'org.springframework.amqp.rabbit.annotation.RabbitBootstrapConfiguration' of type [org.springframework.amqp.rabbit.annotation.RabbitBootstrapConfiguration$$EnhancerBySpringCGLIB$$ab02e80a] is not eligible for getting processed by all BeanPostProcessors (for example: not eligible for auto-proxying) 
09:28:28.286 [main] INFO  o.s.c.s.PostProcessorRegistrationDelegate$BeanPostProcessorChecker - Bean 'org.springframework.transaction.annotation.ProxyTransactionManagementConfiguration' of type [org.springframework.transaction.annotation.ProxyTransactionManagementConfiguration$$EnhancerBySpringCGLIB$$e49729dc] is not eligible for getting processed by all BeanPostProcessors (for example: not eligible for auto-proxying) 
09:28:28.842 [main] INFO  o.s.b.w.e.tomcat.TomcatWebServer - Tomcat initialized with port(s): 9090 (http) 
09:28:28.891 [main] INFO  o.a.catalina.core.StandardService - Starting service [Tomcat] 
09:28:28.891 [main] INFO  o.a.catalina.core.StandardEngine - Starting Servlet Engine: Apache Tomcat/8.5.31 
09:28:28.898 [localhost-startStop-1] INFO  o.a.c.core.AprLifecycleListener - The APR based Apache Tomcat Native library which allows optimal performance in production environments was not found on the java.library.path: [/Users/apple/Library/Java/Extensions:/Library/Java/Extensions:/Network/Library/Java/Extensions:/System/Library/Java/Extensions:/usr/lib/java:.] 
09:28:29.049 [localhost-startStop-1] INFO  o.a.c.c.C.[Tomcat].[localhost].[/] - Initializing Spring embedded WebApplicationContext 
09:28:29.049 [localhost-startStop-1] INFO  o.s.web.context.ContextLoader - Root WebApplicationContext: initialization completed in 3162 ms 
09:28:29.328 [localhost-startStop-1] INFO  o.s.b.w.s.ServletRegistrationBean - Servlet statViewServlet mapped to [/druid/*] 
09:28:29.332 [localhost-startStop-1] INFO  o.s.b.w.s.ServletRegistrationBean - Servlet dispatcherServlet mapped to [/] 
09:28:29.339 [localhost-startStop-1] INFO  o.s.b.w.s.FilterRegistrationBean - Mapping filter: 'characterEncodingFilter' to: [/*] 
09:28:29.339 [localhost-startStop-1] INFO  o.s.b.w.s.FilterRegistrationBean - Mapping filter: 'hiddenHttpMethodFilter' to: [/*] 
09:28:29.339 [localhost-startStop-1] INFO  o.s.b.w.s.FilterRegistrationBean - Mapping filter: 'httpPutFormContentFilter' to: [/*] 
09:28:29.339 [localhost-startStop-1] INFO  o.s.b.w.s.FilterRegistrationBean - Mapping filter: 'requestContextFilter' to: [/*] 
09:28:29.340 [localhost-startStop-1] INFO  o.s.b.w.s.FilterRegistrationBean - Mapping filter: 'webStatFilter' to urls: [/*] 
09:28:30.710 [main] INFO  org.quartz.impl.StdSchedulerFactory - Using default implementation for ThreadExecutor 
09:28:30.715 [main] INFO  org.quartz.simpl.SimpleThreadPool - Job execution threads will use class loader of thread: main 
09:28:30.734 [main] INFO  o.quartz.core.SchedulerSignalerImpl - Initialized Scheduler Signaller of type: class org.quartz.core.SchedulerSignalerImpl 
09:28:30.735 [main] INFO  org.quartz.core.QuartzScheduler - Quartz Scheduler v.2.2.3 created. 
09:28:30.736 [main] INFO  org.quartz.simpl.RAMJobStore - RAMJobStore initialized. 
09:28:30.738 [main] INFO  org.quartz.core.QuartzScheduler - Scheduler meta-data: Quartz Scheduler (v2.2.3) 'DefaultQuartzScheduler' with instanceId 'NON_CLUSTERED'
  Scheduler class: 'org.quartz.core.QuartzScheduler' - running locally.
  NOT STARTED.
  Currently in standby mode.
  Number of jobs executed: 0
  Using thread pool 'org.quartz.simpl.SimpleThreadPool' - with 10 threads.
  Using job-store 'org.quartz.simpl.RAMJobStore' - which does not support persistence. and is not clustered.
 
09:28:30.738 [main] INFO  org.quartz.impl.StdSchedulerFactory - Quartz scheduler 'DefaultQuartzScheduler' initialized from default resource file in Quartz package: 'quartz.properties' 
09:28:30.738 [main] INFO  org.quartz.impl.StdSchedulerFactory - Quartz scheduler version: 2.2.3 
09:28:30.739 [main] INFO  org.quartz.core.QuartzScheduler - JobFactory set to: com.cool.boot.utils.TaskBus$1@654e6a90 
09:28:30.814 [main] INFO  com.cool.boot.utils.TaskBus - 开始初始化定时任务... 
09:28:30.866 [main] INFO  com.zaxxer.hikari.HikariDataSource - HikariPool-1 - Starting... 
09:28:33.276 [main] INFO  com.zaxxer.hikari.HikariDataSource - HikariPool-1 - Start completed. 
09:28:33.342 [main] INFO  com.cool.boot.dao.impl.TaskDaoImpl - 开始查询所有的任务的列表 
09:28:33.624 [main] INFO  com.cool.boot.utils.TaskBus - 开始添加定时任务TimeTask{id=3, scheduleTaskIndex='null', taskName='demo:231321', executeTime='0 48 13 16 5 ? ', params='{'msg':'demo:231321','code':500}', scheduleOperaEnum=null}... 
09:28:33.687 [main] INFO  com.cool.boot.dao.impl.TaskDaoImpl - 开始保存任务列表=demo:231321 
09:28:33.888 [main] INFO  com.cool.boot.utils.TaskBus - 启动定时任务success 
09:28:33.889 [main] INFO  org.quartz.core.QuartzScheduler - Scheduler DefaultQuartzScheduler_$_NON_CLUSTERED started. 
09:28:33.889 [main] INFO  com.cool.boot.utils.TaskBus - 添加定时任务TimeTask{id=3, scheduleTaskIndex='null', taskName='demo:231321', executeTime='0 48 13 16 5 ? ', params='{'msg':'demo:231321','code':500}', scheduleOperaEnum=null}success... 
09:28:33.889 [main] INFO  org.quartz.core.QuartzScheduler - Scheduler DefaultQuartzScheduler_$_NON_CLUSTERED started. 
09:28:33.890 [main] INFO  com.cool.boot.utils.TaskBus - 初始化定时任务success... 
09:28:34.095 [main] WARN  com.cool.boot.tcp.OnlineServer - TCP长连接服务端已启动,端口号为：5005 
09:28:34.419 [main] INFO  o.s.s.c.ThreadPoolTaskExecutor - Initializing ExecutorService  'taskExecutor' 
09:28:34.552 [main] INFO  o.s.w.s.h.SimpleUrlHandlerMapping - Mapped URL path [/**/favicon.ico] onto handler of type [class org.springframework.web.servlet.resource.ResourceHttpRequestHandler] 
09:28:35.066 [main] INFO  o.s.w.s.m.m.a.RequestMappingHandlerAdapter - Looking for @ControllerAdvice: org.springframework.boot.web.servlet.context.AnnotationConfigServletWebServerApplicationContext@6492fab5: startup date [Sat Jun 02 09:28:25 CST 2018]; root of context hierarchy 
09:28:35.182 [main] INFO  o.s.w.s.m.m.a.RequestMappingHandlerMapping - Mapped "{[/test],methods=[GET]}" onto public boolean com.cool.boot.controller.FristController.test() 
09:28:35.183 [main] INFO  o.s.w.s.m.m.a.RequestMappingHandlerMapping - Mapped "{[/hello],methods=[GET]}" onto public com.cool.boot.entity.Response com.cool.boot.controller.FristController.hello() 
09:28:35.186 [main] INFO  o.s.w.s.m.m.a.RequestMappingHandlerMapping - Mapped "{[/user/login],methods=[POST]}" onto public com.cool.boot.entity.Response com.cool.boot.controller.UserController.login() 
09:28:35.189 [main] INFO  o.s.w.s.m.m.a.RequestMappingHandlerMapping - Mapped "{[/v1/spider/vin],methods=[GET]}" onto public com.cool.boot.entity.Response com.cool.boot.spiders.Accept.One(java.lang.String) 
09:28:35.192 [main] INFO  o.s.w.s.m.m.a.RequestMappingHandlerMapping - Mapped "{[/error]}" onto public org.springframework.http.ResponseEntity<java.util.Map<java.lang.String, java.lang.Object>> org.springframework.boot.autoconfigure.web.servlet.error.BasicErrorController.error(javax.servlet.http.HttpServletRequest) 
09:28:35.193 [main] INFO  o.s.w.s.m.m.a.RequestMappingHandlerMapping - Mapped "{[/error],produces=[text/html]}" onto public org.springframework.web.servlet.ModelAndView org.springframework.boot.autoconfigure.web.servlet.error.BasicErrorController.errorHtml(javax.servlet.http.HttpServletRequest,javax.servlet.http.HttpServletResponse) 
09:28:35.246 [main] INFO  o.s.w.s.h.SimpleUrlHandlerMapping - Mapped URL path [/webjars/**] onto handler of type [class org.springframework.web.servlet.resource.ResourceHttpRequestHandler] 
09:28:35.246 [main] INFO  o.s.w.s.h.SimpleUrlHandlerMapping - Mapped URL path [/**] onto handler of type [class org.springframework.web.servlet.resource.ResourceHttpRequestHandler] 
09:28:35.274 [main] INFO  o.s.w.s.m.m.a.ExceptionHandlerExceptionResolver - Detected @ExceptionHandler methods in coolExceptionHandler 
09:28:36.071 [main] INFO  org.quartz.impl.StdSchedulerFactory - Using default implementation for ThreadExecutor 
09:28:36.073 [main] INFO  o.quartz.core.SchedulerSignalerImpl - Initialized Scheduler Signaller of type: class org.quartz.core.SchedulerSignalerImpl 
09:28:36.073 [main] INFO  org.quartz.core.QuartzScheduler - Quartz Scheduler v.2.2.3 created. 
09:28:36.073 [main] INFO  org.quartz.simpl.RAMJobStore - RAMJobStore initialized. 
09:28:36.073 [main] INFO  org.quartz.core.QuartzScheduler - Scheduler meta-data: Quartz Scheduler (v2.2.3) 'quartzScheduler' with instanceId 'NON_CLUSTERED'
  Scheduler class: 'org.quartz.core.QuartzScheduler' - running locally.
  NOT STARTED.
  Currently in standby mode.
  Number of jobs executed: 0
  Using thread pool 'org.quartz.simpl.SimpleThreadPool' - with 10 threads.
  Using job-store 'org.quartz.simpl.RAMJobStore' - which does not support persistence. and is not clustered.
 
09:28:36.074 [main] INFO  org.quartz.impl.StdSchedulerFactory - Quartz scheduler 'quartzScheduler' initialized from an externally provided properties instance. 
09:28:36.074 [main] INFO  org.quartz.impl.StdSchedulerFactory - Quartz scheduler version: 2.2.3 
09:28:36.074 [main] INFO  org.quartz.core.QuartzScheduler - JobFactory set to: org.springframework.boot.autoconfigure.quartz.AutowireCapableBeanJobFactory@4adf3582 
09:28:36.194 [main] INFO  o.s.j.e.a.AnnotationMBeanExporter - Registering beans for JMX exposure on startup 
09:28:36.197 [main] INFO  o.s.j.e.a.AnnotationMBeanExporter - Bean with name 'dataSource' has been autodetected for JMX exposure 
09:28:36.210 [main] INFO  o.s.j.e.a.AnnotationMBeanExporter - Bean with name 'factory' has been autodetected for JMX exposure 
09:28:36.222 [main] INFO  o.s.j.e.a.AnnotationMBeanExporter - Located managed bean 'factory': registering with JMX server as MBean [org.springframework.amqp.rabbit.connection:name=factory,type=CachingConnectionFactory] 
09:28:36.259 [main] INFO  o.s.j.e.a.AnnotationMBeanExporter - Located MBean 'dataSource': registering with JMX server as MBean [com.zaxxer.hikari:name=dataSource,type=HikariDataSource] 
09:28:36.301 [main] INFO  o.s.c.s.DefaultLifecycleProcessor - Starting beans in phase 2147483647 
09:28:36.311 [demoListener-1] INFO  o.s.a.r.c.CachingConnectionFactory - Attempting to connect to: 106.15.205.155:5672 
09:28:36.451 [demoListener-1] INFO  o.s.a.r.c.CachingConnectionFactory - Created new connection: factory#56928e17:0/SimpleConnection@716d752d [delegate=amqp://guest@106.15.205.155:5672/, localPort= 61439] 
09:28:37.001 [main] INFO  o.s.s.quartz.SchedulerFactoryBean - Starting Quartz Scheduler now 
09:28:37.001 [main] INFO  org.quartz.core.QuartzScheduler - Scheduler quartzScheduler_$_NON_CLUSTERED started. 
09:28:37.045 [main] INFO  o.s.b.w.e.tomcat.TomcatWebServer - Tomcat started on port(s): 9090 (http) with context path '' 
09:28:37.053 [main] INFO  com.cool.boot.Boot - Started Boot in 12.769 seconds (JVM running for 14.945) 
09:30:26.682 [Thread-29] INFO  o.s.b.w.s.c.AnnotationConfigServletWebServerApplicationContext - Closing org.springframework.boot.web.servlet.context.AnnotationConfigServletWebServerApplicationContext@6492fab5: startup date [Sat Jun 02 09:28:25 CST 2018]; root of context hierarchy 
09:30:26.686 [Thread-29] INFO  o.s.c.s.DefaultLifecycleProcessor - Stopping beans in phase 2147483647 
09:30:26.710 [Thread-29] INFO  o.s.a.r.l.SimpleMessageListenerContainer - Waiting for workers to finish. 
09:30:27.168 [Thread-29] INFO  o.s.a.r.l.SimpleMessageListenerContainer - Successfully waited for workers to finish. 
09:30:27.186 [Thread-29] INFO  o.s.a.r.l.SimpleMessageListenerContainer - Waiting for workers to finish. 
09:30:27.282 [Thread-29] INFO  o.s.a.r.l.SimpleMessageListenerContainer - Successfully waited for workers to finish. 
09:30:27.302 [Thread-29] INFO  o.s.a.r.l.SimpleMessageListenerContainer - Waiting for workers to finish. 
09:30:27.348 [Thread-29] INFO  o.s.a.r.l.SimpleMessageListenerContainer - Successfully waited for workers to finish. 
09:30:27.349 [Thread-29] INFO  org.quartz.core.QuartzScheduler - Scheduler quartzScheduler_$_NON_CLUSTERED paused. 
09:30:27.350 [Thread-29] INFO  o.s.c.s.DefaultLifecycleProcessor - Stopping beans in phase 0 
09:30:27.357 [Thread-29] INFO  o.s.s.quartz.SchedulerFactoryBean - Shutting down Quartz Scheduler 
09:30:27.358 [Thread-29] INFO  org.quartz.core.QuartzScheduler - Scheduler quartzScheduler_$_NON_CLUSTERED shutting down. 
09:30:27.359 [Thread-29] INFO  org.quartz.core.QuartzScheduler - Scheduler quartzScheduler_$_NON_CLUSTERED paused. 
09:30:27.361 [Thread-29] INFO  org.quartz.core.QuartzScheduler - Scheduler quartzScheduler_$_NON_CLUSTERED shutdown complete. 
09:30:27.371 [Thread-29] INFO  o.s.a.r.l.SimpleMessageListenerContainer - Shutdown ignored - container is not active already 
09:30:27.372 [Thread-29] INFO  o.s.j.e.a.AnnotationMBeanExporter - Unregistering JMX-exposed beans on shutdown 
09:30:27.373 [Thread-29] INFO  o.s.j.e.a.AnnotationMBeanExporter - Unregistering JMX-exposed beans 
09:30:27.374 [Thread-29] INFO  o.s.s.c.ThreadPoolTaskExecutor - Shutting down ExecutorService 'taskExecutor' 
09:30:27.374 [Thread-29] INFO  o.s.a.r.l.SimpleMessageListenerContainer - Shutdown ignored - container is not active already 
09:30:27.374 [Thread-29] INFO  o.s.a.r.l.SimpleMessageListenerContainer - Shutdown ignored - container is not active already 
09:30:27.377 [Thread-29] WARN  com.cool.boot.tcp.OnlineServer - TCP长连接服务端已关闭 
09:30:27.378 [Thread-29] INFO  org.quartz.core.QuartzScheduler - Scheduler DefaultQuartzScheduler_$_NON_CLUSTERED shutting down. 
09:30:27.378 [Thread-29] INFO  org.quartz.core.QuartzScheduler - Scheduler DefaultQuartzScheduler_$_NON_CLUSTERED paused. 
09:30:27.379 [Thread-29] INFO  org.quartz.core.QuartzScheduler - Scheduler DefaultQuartzScheduler_$_NON_CLUSTERED shutdown complete. 
09:30:27.379 [Thread-29] INFO  com.cool.boot.utils.TaskBus - 销毁定时任务成功 
09:30:27.380 [Thread-29] INFO  com.zaxxer.hikari.HikariDataSource - HikariPool-1 - Shutdown initiated... 
09:30:27.400 [Thread-29] INFO  com.zaxxer.hikari.HikariDataSource - HikariPool-1 - Shutdown completed. 
